<?xml version="1.0" encoding="UTF-8"?>
<testng-results skipped="0" failed="0" ignored="0" total="2" passed="2">
  <reporter-output>
  </reporter-output>
  <suite name="Suite" duration-ms="866" started-at="2018-07-20T04:37:44Z" finished-at="2018-07-20T04:37:45Z">
    <groups>
    </groups>
    <test name="Test" duration-ms="866" started-at="2018-07-20T04:37:44Z" finished-at="2018-07-20T04:37:45Z">
      <class name="com.auto.PracticeC.TC">
        <test-method status="PASS" signature="m33(java.lang.reflect.Method)[pri:0, instance:com.auto.PracticeC.TC@18eed359]" name="m33" is-config="true" duration-ms="34" started-at="2018-07-20T04:37:44Z" finished-at="2018-07-20T04:37:44Z">
          <params>
            <param index="0">
              <value>
                <![CDATA[public void com.auto.PracticeC.TC.m1()]]>
              </value>
            </param>
          </params>
          <reporter-output>
          </reporter-output>
        </test-method> <!-- m33 -->
        <test-method status="PASS" signature="m1()[pri:0, instance:com.auto.PracticeC.TC@18eed359]" name="m1" duration-ms="3" started-at="2018-07-20T04:37:44Z" finished-at="2018-07-20T04:37:44Z">
          <reporter-output>
          </reporter-output>
        </test-method> <!-- m1 -->
        <test-method status="PASS" signature="m21(org.testng.ITestResult)[pri:0, instance:com.auto.PracticeC.TC@18eed359]" name="m21" is-config="true" duration-ms="1" started-at="2018-07-20T04:37:44Z" finished-at="2018-07-20T04:37:44Z">
          <params>
            <param index="0">
              <value>
                <![CDATA[[TestResult name=m1 status=SUCCESS method=TC.m1()[pri:0, instance:com.auto.PracticeC.TC@18eed359] output={null}]]]>
              </value>
            </param>
          </params>
          <reporter-output>
          </reporter-output>
        </test-method> <!-- m21 -->
        <test-method status="PASS" signature="m33(java.lang.reflect.Method)[pri:0, instance:com.auto.PracticeC.TC@18eed359]" name="m33" is-config="true" duration-ms="1" started-at="2018-07-20T04:37:44Z" finished-at="2018-07-20T04:37:44Z">
          <params>
            <param index="0">
              <value>
                <![CDATA[public void com.auto.PracticeC.TC.m2()]]>
              </value>
            </param>
          </params>
          <reporter-output>
          </reporter-output>
        </test-method> <!-- m33 -->
        <test-method status="PASS" signature="m2()[pri:0, instance:com.auto.PracticeC.TC@18eed359]" name="m2" duration-ms="1" started-at="2018-07-20T04:37:44Z" finished-at="2018-07-20T04:37:44Z">
          <reporter-output>
          </reporter-output>
        </test-method> <!-- m2 -->
        <test-method status="PASS" signature="m21(org.testng.ITestResult)[pri:0, instance:com.auto.PracticeC.TC@18eed359]" name="m21" is-config="true" duration-ms="1" started-at="2018-07-20T04:37:44Z" finished-at="2018-07-20T04:37:44Z">
          <params>
            <param index="0">
              <value>
                <![CDATA[[TestResult name=m2 status=SUCCESS method=TC.m2()[pri:0, instance:com.auto.PracticeC.TC@18eed359] output={null}]]]>
              </value>
            </param>
          </params>
          <reporter-output>
          </reporter-output>
        </test-method> <!-- m21 -->
        <test-method status="PASS" signature="m22()[pri:0, instance:com.auto.PracticeC.TC@18eed359]" name="m22" is-config="true" duration-ms="761" started-at="2018-07-20T04:37:44Z" finished-at="2018-07-20T04:37:45Z">
          <reporter-output>
          </reporter-output>
        </test-method> <!-- m22 -->
      </class> <!-- com.auto.PracticeC.TC -->
    </test> <!-- Test -->
  </suite> <!-- Suite -->
</testng-results>
